Using pre-set license
Built from '2023.1/staging' branch; Version is '2023.1.9f1 (f3f94c8cdc49) revision 15989068'; Using compiler version '192829333'; Build Type 'Release'
OS: 'Windows 11  (10.0.22621) 64bit CoreSingleLanguage' Language: 'en' Physical Memory: 16253 MB
BatchMode: 1, IsHumanControllingUs: 0, StartBugReporterOnCrash: 0, Is64bit: 1, IsPro: 1

COMMAND LINE ARGUMENTS:
C:\Program Files\Unity\Hub\Editor\2023.1.9f1\Editor\Unity.exe
-adb2
-batchMode
-noUpm
-name
AssetImportWorker2
-projectPath
C:/Users/Emmanuel/Documents/FIRETECTION-77/Assets
-logFile
Logs/AssetImportWorker2.log
-srvPort
57215
Successfully changed project path to: C:/Users/Emmanuel/Documents/FIRETECTION-77/Assets
C:/Users/Emmanuel/Documents/FIRETECTION-77/Assets
[UnityMemory] Configuration Parameters - Can be set up in boot.config
    "memorysetup-bucket-allocator-granularity=16"
    "memorysetup-bucket-allocator-bucket-count=8"
    "memorysetup-bucket-allocator-block-size=33554432"
    "memorysetup-bucket-allocator-block-count=8"
    "memorysetup-main-allocator-block-size=16777216"
    "memorysetup-thread-allocator-block-size=16777216"
    "memorysetup-gfx-main-allocator-block-size=16777216"
    "memorysetup-gfx-thread-allocator-block-size=16777216"
    "memorysetup-cache-allocator-block-size=4194304"
    "memorysetup-typetree-allocator-block-size=2097152"
    "memorysetup-profiler-bucket-allocator-granularity=16"
    "memorysetup-profiler-bucket-allocator-bucket-count=8"
    "memorysetup-profiler-bucket-allocator-block-size=33554432"
    "memorysetup-profiler-bucket-allocator-block-count=8"
    "memorysetup-profiler-allocator-block-size=16777216"
    "memorysetup-profiler-editor-allocator-block-size=1048576"
    "memorysetup-temp-allocator-size-main=16777216"
    "memorysetup-job-temp-allocator-block-size=2097152"
    "memorysetup-job-temp-allocator-block-size-background=1048576"
    "memorysetup-job-temp-allocator-reduction-small-platforms=262144"
    "memorysetup-allocator-temp-initial-block-size-main=262144"
    "memorysetup-allocator-temp-initial-block-size-worker=262144"
    "memorysetup-temp-allocator-size-background-worker=32768"
    "memorysetup-temp-allocator-size-job-worker=262144"
    "memorysetup-temp-allocator-size-preload-manager=33554432"
    "memorysetup-temp-allocator-size-nav-mesh-worker=65536"
    "memorysetup-temp-allocator-size-audio-worker=65536"
    "memorysetup-temp-allocator-size-cloud-worker=32768"
    "memorysetup-temp-allocator-size-gi-baking-worker=262144"
    "memorysetup-temp-allocator-size-gfx=262144"
Player connection [12412] Host "[IP] 192.168.56.1 [Port] 0 [Flags] 2 [Guid] 301772656 [EditorId] 301772656 [Version] 1048832 [Id] WindowsEditor(7,LAPTOP-HRGNJGDU) [Debug] 1 [PackageName] WindowsEditor [ProjectName] Editor" joined multi-casting on [225.0.0.222:54997]...

Player connection [12412] Host "[IP] 192.168.56.1 [Port] 0 [Flags] 2 [Guid] 301772656 [EditorId] 301772656 [Version] 1048832 [Id] WindowsEditor(7,LAPTOP-HRGNJGDU) [Debug] 1 [PackageName] WindowsEditor [ProjectName] Editor" joined alternative multi-casting on [225.0.0.222:34997]...

[Physics::Module] Initialized MultithreadedJobDispatcher with 15 workers.
Library Redirect Path: Library/Refreshing native plugins compatible for Editor in 0.00 ms, found 0 plugins.
Preloading 0 native plugins for Editor in 0.00 ms.
Initialize engine version: 2023.1.9f1 (f3f94c8cdc49)
[Subsystems] Discovering subsystems at path C:/Program Files/Unity/Hub/Editor/2023.1.9f1/Editor/Data/Resources/UnitySubsystems
[Subsystems] Discovering subsystems at path C:/Users/Emmanuel/Documents/FIRETECTION-77/Assets/Assets
GfxDevice: creating device client; threaded=0; jobified=0
Direct3D:
    Version:  Direct3D 11.0 [level 11.1]
    Renderer: NVIDIA GeForce GTX 1650 (ID=0x1f99)
    Vendor:   NVIDIA
    VRAM:     3962 MB
    Driver:   30.0.14.7219
Initialize mono
Mono path[0] = 'C:/Program Files/Unity/Hub/Editor/2023.1.9f1/Editor/Data/Managed'
Mono path[1] = 'C:/Program Files/Unity/Hub/Editor/2023.1.9f1/Editor/Data/MonoBleedingEdge/lib/mono/unityjit-win32'
Mono config path = 'C:/Program Files/Unity/Hub/Editor/2023.1.9f1/Editor/Data/MonoBleedingEdge/etc'
Using monoOptions --debugger-agent=transport=dt_socket,embedding=1,server=y,suspend=n,address=127.0.0.1:56724
Begin MonoManager ReloadAssembly
Registering precompiled unity dll's ...
Register platform support module: C:/Program Files/Unity/Hub/Editor/2023.1.9f1/Editor/Data/PlaybackEngines/WebGLSupport/UnityEditor.WebGL.Extensions.dll
Register platform support module: C:/Program Files/Unity/Hub/Editor/2023.1.9f1/Editor/Data/PlaybackEngines/WindowsStandaloneSupport/UnityEditor.WindowsStandalone.Extensions.dll
Register platform support module: C:/Program Files/Unity/Hub/Editor/2023.1.9f1/Editor/Data/PlaybackEngines/AndroidPlayer/UnityEditor.Android.Extensions.dll
Registered in 0.011708 seconds.
- Loaded All Assemblies, in  0.891 seconds
Native extension for Android target not found
Android Extension - Scanning For ADB Devices 937 ms
Native extension for WindowsStandalone target not found
Native extension for WebGL target not found
Mono: successfully reloaded assembly
- Finished resetting the current domain, in  1.535 seconds
Domain Reload Profiling: 2422ms
	BeginReloadAssembly (359ms)
		ExecutionOrderSort (0ms)
		DisableScriptedObjects (0ms)
		BackupInstance (0ms)
		ReleaseScriptingObjects (0ms)
		CreateAndSetChildDomain (2ms)
	RebuildCommonClasses (66ms)
	RebuildNativeTypeToScriptingClass (27ms)
	initialDomainReloadingComplete (119ms)
	LoadAllAssembliesAndSetupDomain (314ms)
		LoadAssemblies (354ms)
		RebuildTransferFunctionScriptingTraits (0ms)
		AnalyzeDomain (304ms)
			TypeCache.Refresh (302ms)
				TypeCache.ScanAssembly (281ms)
			ScanForSourceGeneratedMonoScriptInfo (1ms)
			ResolveRequiredComponents (1ms)
	FinalizeReload (1536ms)
		ReleaseScriptCaches (0ms)
		RebuildScriptCaches (0ms)
		SetupLoadedEditorAssemblies (1454ms)
			LogAssemblyErrors (0ms)
			InitializePlatformSupportModulesInManaged (1125ms)
			SetLoadedEditorAssemblies (5ms)
			BeforeProcessingInitializeOnLoad (11ms)
			ProcessInitializeOnLoadAttributes (223ms)
			ProcessInitializeOnLoadMethodAttributes (90ms)
			AfterProcessingInitializeOnLoad (0ms)
			EditorAssembliesLoaded (0ms)
		ExecutionOrderSort2 (0ms)
		AwakeInstancesAfterBackupRestoration (0ms)
========================================================================
Worker process is ready to serve import requests
Import Worker Mode flag is 0x00
Begin MonoManager ReloadAssembly
- Loaded All Assemblies, in  0.686 seconds
Refreshing native plugins compatible for Editor in 0.00 ms, found 0 plugins.
Native extension for Android target not found
Native extension for WindowsStandalone target not found
Native extension for WebGL target not found
Mono: successfully reloaded assembly
- Finished resetting the current domain, in  0.599 seconds
Domain Reload Profiling: 1283ms
	BeginReloadAssembly (388ms)
		ExecutionOrderSort (0ms)
		DisableScriptedObjects (7ms)
		BackupInstance (0ms)
		ReleaseScriptingObjects (0ms)
		CreateAndSetChildDomain (46ms)
	RebuildCommonClasses (58ms)
	RebuildNativeTypeToScriptingClass (20ms)
	initialDomainReloadingComplete (32ms)
	LoadAllAssembliesAndSetupDomain (186ms)
		LoadAssemblies (167ms)
		RebuildTransferFunctionScriptingTraits (0ms)
		AnalyzeDomain (178ms)
			TypeCache.Refresh (177ms)
				TypeCache.ScanAssembly (163ms)
			ScanForSourceGeneratedMonoScriptInfo (0ms)
			ResolveRequiredComponents (1ms)
	FinalizeReload (600ms)
		ReleaseScriptCaches (0ms)
		RebuildScriptCaches (0ms)
		SetupLoadedEditorAssemblies (351ms)
			LogAssemblyErrors (0ms)
			InitializePlatformSupportModulesInManaged (56ms)
			SetLoadedEditorAssemblies (4ms)
			BeforeProcessingInitializeOnLoad (45ms)
			ProcessInitializeOnLoadAttributes (209ms)
			ProcessInitializeOnLoadMethodAttributes (31ms)
			AfterProcessingInitializeOnLoad (5ms)
			EditorAssembliesLoaded (0ms)
		ExecutionOrderSort2 (0ms)
		AwakeInstancesAfterBackupRestoration (9ms)
Launched and connected shader compiler UnityShaderCompiler.exe after 0.02 seconds
Refreshing native plugins compatible for Editor in 0.00 ms, found 0 plugins.
Preloading 0 native plugins for Editor in 0.00 ms.
Unloading 7 Unused Serialized files (Serialized files now loaded: 0)
Unloading 3 unused Assets / (38.5 KB). Loaded Objects now: 559.
Memory consumption went from 55.2 MB to 55.1 MB.
Total: 6.543600 ms (FindLiveObjects: 0.070900 ms CreateObjectMapping: 0.005700 ms MarkObjects: 6.363400 ms  DeleteObjects: 0.101400 ms)

AssetImportParameters requested are different than current active one (requested -> active):
  custom:video-encoder-webm-vp8: eb34c28f22e8b96e1ab97ce403110664 -> 
  custom:video-decoder-webm-vp8: 9c59270c3fd7afecdb556c50c9e8de78 -> 
  custom:audio-decoder-ogg-vorbis: bf7c407c2cedff20999df2af8eb42d56 -> 
  custom:video-decoder-ogg-theora: a1e56fd34408186e4bbccfd4996cb3dc -> 
  custom:audio-encoder-webm-vorbis: bf7c407c2cedff20999df2af8eb42d56 -> 
  custom:container-demuxer-webm: 4f35f7cbe854078d1ac9338744f61a02 -> 
  custom:container-muxer-webm: aa71ff27fc2769a1b78a27578f13a17b -> 
  custom:video-codec-MediaFoundation-h265: 746d11721c4dcdbdad8f713fa42b33f4 -> 
  custom:container-demuxer-ogg: 62fdf1f143b41e24485cea50d1cbac27 -> 
  custom:AudioImporter_EditorPlatform: d09bf68614088b80899f8185d706f6e7 -> 
  custom:framework-win-MediaFoundation: 216162199b28c13a410421893ffa2e32 -> 
========================================================================
Received Import Request.
  Time since last request: 33203.280537 seconds.
  path: Assets/F1Intro.jpg
  artifactKey: Guid(156dcec0c85f2724198b123f02ba09c6) Importer(815301076,1909f56bfc062723c751e8b465ee728b)
Start importing Assets/F1Intro.jpg using Guid(156dcec0c85f2724198b123f02ba09c6) Importer(815301076,1909f56bfc062723c751e8b465ee728b)  -> (artifact id: '0a8062bc128db641a96123d47436ddad') in 0.135823 seconds
Number of updated asset objects reloaded before import = 0
Number of asset objects unloaded after import = 3
========================================================================
Received Import Request.
  Time since last request: 0.000034 seconds.
  path: Assets/ClassC.png
  artifactKey: Guid(87e6a63fe09f5b646b6ff61c9450db2e) Importer(815301076,1909f56bfc062723c751e8b465ee728b)
Start importing Assets/ClassC.png using Guid(87e6a63fe09f5b646b6ff61c9450db2e) Importer(815301076,1909f56bfc062723c751e8b465ee728b)  -> (artifact id: '4db0553fe0f7a11d18d52cab6b9529c1') in 0.024346 seconds
Number of updated asset objects reloaded before import = 0
Number of asset objects unloaded after import = 3
========================================================================
Received Import Request.
  Time since last request: 0.000021 seconds.
  path: Assets/OFF.png
  artifactKey: Guid(9ebfb62544d073c43ba960276e675263) Importer(815301076,1909f56bfc062723c751e8b465ee728b)
Start importing Assets/OFF.png using Guid(9ebfb62544d073c43ba960276e675263) Importer(815301076,1909f56bfc062723c751e8b465ee728b)  -> (artifact id: 'dbff71f3da0871c411b24ef0bbebd1dd') in 0.042619 seconds
Number of updated asset objects reloaded before import = 0
Number of asset objects unloaded after import = 3
========================================================================
Received Import Request.
  Time since last request: 0.000071 seconds.
  path: Assets/ButtonsAssets/Resume.png
  artifactKey: Guid(7acd72415a1a999419ccd38ffa2bf89b) Importer(815301076,1909f56bfc062723c751e8b465ee728b)
Start importing Assets/ButtonsAssets/Resume.png using Guid(7acd72415a1a999419ccd38ffa2bf89b) Importer(815301076,1909f56bfc062723c751e8b465ee728b)  -> (artifact id: '677bd604c009c57160574b15a56de030') in 0.026196 seconds
Number of updated asset objects reloaded before import = 0
Number of asset objects unloaded after import = 3
========================================================================
Received Import Request.
  Time since last request: 0.000022 seconds.
  path: Assets/white.png
  artifactKey: Guid(dfa09a490e01b2b4cad5fc50e662c5b2) Importer(815301076,1909f56bfc062723c751e8b465ee728b)
Start importing Assets/white.png using Guid(dfa09a490e01b2b4cad5fc50e662c5b2) Importer(815301076,1909f56bfc062723c751e8b465ee728b)  -> (artifact id: 'aa12c89c8b77cc8c6e77b1a132f7cf63') in 0.031657 seconds
Number of updated asset objects reloaded before import = 0
Number of asset objects unloaded after import = 6
========================================================================
Received Import Request.
  Time since last request: 0.000029 seconds.
  path: Assets/ClassA.png
  artifactKey: Guid(c73613bb823e99d4fb2adb0787b812ae) Importer(815301076,1909f56bfc062723c751e8b465ee728b)
Start importing Assets/ClassA.png using Guid(c73613bb823e99d4fb2adb0787b812ae) Importer(815301076,1909f56bfc062723c751e8b465ee728b)  -> (artifact id: '7757fafc7fdd5d5c9f5fedd9934124ae') in 0.019276 seconds
Number of updated asset objects reloaded before import = 0
Number of asset objects unloaded after import = 3
========================================================================
Received Import Request.
  Time since last request: 0.000020 seconds.
  path: Assets/discall.png
  artifactKey: Guid(cd1154a7704d8874ebc7c6fa42d33652) Importer(815301076,1909f56bfc062723c751e8b465ee728b)
Start importing Assets/discall.png using Guid(cd1154a7704d8874ebc7c6fa42d33652) Importer(815301076,1909f56bfc062723c751e8b465ee728b)  -> (artifact id: '5acd9b3fb7a3d7a15d9b1139287e83c6') in 0.016191 seconds
Number of updated asset objects reloaded before import = 0
Number of asset objects unloaded after import = 3
========================================================================
Received Import Request.
  Time since last request: 0.000021 seconds.
  path: Assets/parent.png
  artifactKey: Guid(c1ecff8947d88804683f3482ce83fb98) Importer(815301076,1909f56bfc062723c751e8b465ee728b)
Start importing Assets/parent.png using Guid(c1ecff8947d88804683f3482ce83fb98) Importer(815301076,1909f56bfc062723c751e8b465ee728b)  -> (artifact id: '2e271fbe7e233021214b1740238335d4') in 0.017556 seconds
Number of updated asset objects reloaded before import = 0
Number of asset objects unloaded after import = 3
========================================================================
Received Import Request.
  Time since last request: 0.000025 seconds.
  path: Assets/LoadingBarRound.png
  artifactKey: Guid(e3a6a419b7371024a95f5cdd10e727c4) Importer(815301076,1909f56bfc062723c751e8b465ee728b)
Start importing Assets/LoadingBarRound.png using Guid(e3a6a419b7371024a95f5cdd10e727c4) Importer(815301076,1909f56bfc062723c751e8b465ee728b)  -> (artifact id: 'd61ec4ba9af872605bedfd797b20e6b9') in 0.016599 seconds
Number of updated asset objects reloaded before import = 0
Number of asset objects unloaded after import = 3
========================================================================
Received Import Request.
  Time since last request: 0.000016 seconds.
  path: Assets/call.png
  artifactKey: Guid(389618f0dd14e33458ed780205d26521) Importer(815301076,1909f56bfc062723c751e8b465ee728b)
Start importing Assets/call.png using Guid(389618f0dd14e33458ed780205d26521) Importer(815301076,1909f56bfc062723c751e8b465ee728b)  -> (artifact id: '23fdbf0a0c8c786c4860ec04fcd2e307') in 0.015955 seconds
Number of updated asset objects reloaded before import = 0
Number of asset objects unloaded after import = 3
========================================================================
Received Import Request.
  Time since last request: 0.000233 seconds.
  path: Assets/Rotate.png
  artifactKey: Guid(515926f8a5905834b9031f23f4469aa1) Importer(815301076,1909f56bfc062723c751e8b465ee728b)
Start importing Assets/Rotate.png using Guid(515926f8a5905834b9031f23f4469aa1) Importer(815301076,1909f56bfc062723c751e8b465ee728b)  -> (artifact id: '51fec79fab577b84f2cd2f1488e78f50') in 0.015665 seconds
Number of updated asset objects reloaded before import = 0
Number of asset objects unloaded after import = 3
========================================================================
Received Import Request.
  Time since last request: 1.947468 seconds.
  path: Assets/MusicAssets
  artifactKey: Guid(e549a9d8adc39e24786eaac555ac975a) Importer(815301076,1909f56bfc062723c751e8b465ee728b)
Start importing Assets/MusicAssets using Guid(e549a9d8adc39e24786eaac555ac975a) Importer(815301076,1909f56bfc062723c751e8b465ee728b)  -> (artifact id: '77ed2d2e4a59ecd9a972a655d82c325a') in 0.000854 seconds
Number of updated asset objects reloaded before import = 0
Number of asset objects unloaded after import = 0
========================================================================
Received Import Request.
  Time since last request: 0.085095 seconds.
  path: Assets/MusicAssets/Music.png
  artifactKey: Guid(536090ff9e08bfa4599b1b699fbf4f24) Importer(815301076,1909f56bfc062723c751e8b465ee728b)
Start importing Assets/MusicAssets/Music.png using Guid(536090ff9e08bfa4599b1b699fbf4f24) Importer(815301076,1909f56bfc062723c751e8b465ee728b)  -> (artifact id: '355d4add2fcdfd6bca1ac8642dde4e22') in 0.035707 seconds
Number of updated asset objects reloaded before import = 0
Number of asset objects unloaded after import = 3
========================================================================
Received Import Request.
  Time since last request: 0.000571 seconds.
  path: Assets/MusicAssets/Volume.png
  artifactKey: Guid(b0b57e9dd4d4c2448a6eb2cf604200fb) Importer(815301076,1909f56bfc062723c751e8b465ee728b)
Start importing Assets/MusicAssets/Volume.png using Guid(b0b57e9dd4d4c2448a6eb2cf604200fb) Importer(815301076,1909f56bfc062723c751e8b465ee728b)  -> (artifact id: 'a4c0819d73b98835f85586b75061c4c4') in 0.022508 seconds
Number of updated asset objects reloaded before import = 0
Number of asset objects unloaded after import = 3
========================================================================
Received Import Request.
  Time since last request: 2.847290 seconds.
  path: Assets/QuizGame/task.png
  artifactKey: Guid(09953cf9f7645ca4c8f0ec19ecbb8222) Importer(815301076,1909f56bfc062723c751e8b465ee728b)
Start importing Assets/QuizGame/task.png using Guid(09953cf9f7645ca4c8f0ec19ecbb8222) Importer(815301076,1909f56bfc062723c751e8b465ee728b)  -> (artifact id: '20ff9af85999c5f227256bdfdd3e7bcd') in 0.028081 seconds
Number of updated asset objects reloaded before import = 0
Number of asset objects unloaded after import = 3
========================================================================
Received Import Request.
  Time since last request: 2.146303 seconds.
  path: Assets/QuizGame
  artifactKey: Guid(82748420be065c54d8d9d60e5f3ee105) Importer(815301076,1909f56bfc062723c751e8b465ee728b)
Start importing Assets/QuizGame using Guid(82748420be065c54d8d9d60e5f3ee105) Importer(815301076,1909f56bfc062723c751e8b465ee728b)  -> (artifact id: '7ccf51c46a3713fb75ede4651a9e3bfd') in 0.001154 seconds
Number of updated asset objects reloaded before import = 0
Number of asset objects unloaded after import = 0
