Using pre-set license
Built from '2023.1/staging' branch; Version is '2023.1.9f1 (f3f94c8cdc49) revision 15989068'; Using compiler version '192829333'; Build Type 'Release'
OS: 'Windows 11  (10.0.22621) 64bit CoreSingleLanguage' Language: 'en' Physical Memory: 16253 MB
BatchMode: 1, IsHumanControllingUs: 0, StartBugReporterOnCrash: 0, Is64bit: 1, IsPro: 1

COMMAND LINE ARGUMENTS:
C:\Program Files\Unity\Hub\Editor\2023.1.9f1\Editor\Unity.exe
-adb2
-batchMode
-noUpm
-name
AssetImportWorker3
-projectPath
C:/Users/Emmanuel/Documents/FIRETECTION-77/Assets
-logFile
Logs/AssetImportWorker3.log
-srvPort
57215
Successfully changed project path to: C:/Users/Emmanuel/Documents/FIRETECTION-77/Assets
C:/Users/Emmanuel/Documents/FIRETECTION-77/Assets
[UnityMemory] Configuration Parameters - Can be set up in boot.config
    "memorysetup-bucket-allocator-granularity=16"
    "memorysetup-bucket-allocator-bucket-count=8"
    "memorysetup-bucket-allocator-block-size=33554432"
    "memorysetup-bucket-allocator-block-count=8"
    "memorysetup-main-allocator-block-size=16777216"
    "memorysetup-thread-allocator-block-size=16777216"
    "memorysetup-gfx-main-allocator-block-size=16777216"
    "memorysetup-gfx-thread-allocator-block-size=16777216"
    "memorysetup-cache-allocator-block-size=4194304"
    "memorysetup-typetree-allocator-block-size=2097152"
    "memorysetup-profiler-bucket-allocator-granularity=16"
    "memorysetup-profiler-bucket-allocator-bucket-count=8"
    "memorysetup-profiler-bucket-allocator-block-size=33554432"
    "memorysetup-profiler-bucket-allocator-block-count=8"
    "memorysetup-profiler-allocator-block-size=16777216"
    "memorysetup-profiler-editor-allocator-block-size=1048576"
    "memorysetup-temp-allocator-size-main=16777216"
    "memorysetup-job-temp-allocator-block-size=2097152"
    "memorysetup-job-temp-allocator-block-size-background=1048576"
    "memorysetup-job-temp-allocator-reduction-small-platforms=262144"
    "memorysetup-allocator-temp-initial-block-size-main=262144"
    "memorysetup-allocator-temp-initial-block-size-worker=262144"
    "memorysetup-temp-allocator-size-background-worker=32768"
    "memorysetup-temp-allocator-size-job-worker=262144"
    "memorysetup-temp-allocator-size-preload-manager=33554432"
    "memorysetup-temp-allocator-size-nav-mesh-worker=65536"
    "memorysetup-temp-allocator-size-audio-worker=65536"
    "memorysetup-temp-allocator-size-cloud-worker=32768"
    "memorysetup-temp-allocator-size-gi-baking-worker=262144"
    "memorysetup-temp-allocator-size-gfx=262144"
Player connection [5028] Host "[IP] 192.168.56.1 [Port] 0 [Flags] 2 [Guid] 2320353568 [EditorId] 2320353568 [Version] 1048832 [Id] WindowsEditor(7,LAPTOP-HRGNJGDU) [Debug] 1 [PackageName] WindowsEditor [ProjectName] Editor" joined multi-casting on [225.0.0.222:54997]...

Player connection [5028] Host "[IP] 192.168.56.1 [Port] 0 [Flags] 2 [Guid] 2320353568 [EditorId] 2320353568 [Version] 1048832 [Id] WindowsEditor(7,LAPTOP-HRGNJGDU) [Debug] 1 [PackageName] WindowsEditor [ProjectName] Editor" joined alternative multi-casting on [225.0.0.222:34997]...

[Physics::Module] Initialized MultithreadedJobDispatcher with 15 workers.
Library Redirect Path: Library/Refreshing native plugins compatible for Editor in 0.00 ms, found 0 plugins.
Preloading 0 native plugins for Editor in 0.00 ms.
Initialize engine version: 2023.1.9f1 (f3f94c8cdc49)
[Subsystems] Discovering subsystems at path C:/Program Files/Unity/Hub/Editor/2023.1.9f1/Editor/Data/Resources/UnitySubsystems
[Subsystems] Discovering subsystems at path C:/Users/Emmanuel/Documents/FIRETECTION-77/Assets/Assets
GfxDevice: creating device client; threaded=0; jobified=0
Direct3D:
    Version:  Direct3D 11.0 [level 11.1]
    Renderer: NVIDIA GeForce GTX 1650 (ID=0x1f99)
    Vendor:   NVIDIA
    VRAM:     3962 MB
    Driver:   30.0.14.7219
Initialize mono
Mono path[0] = 'C:/Program Files/Unity/Hub/Editor/2023.1.9f1/Editor/Data/Managed'
Mono path[1] = 'C:/Program Files/Unity/Hub/Editor/2023.1.9f1/Editor/Data/MonoBleedingEdge/lib/mono/unityjit-win32'
Mono config path = 'C:/Program Files/Unity/Hub/Editor/2023.1.9f1/Editor/Data/MonoBleedingEdge/etc'
Using monoOptions --debugger-agent=transport=dt_socket,embedding=1,server=y,suspend=n,address=127.0.0.1:56636
Begin MonoManager ReloadAssembly
Registering precompiled unity dll's ...
Register platform support module: C:/Program Files/Unity/Hub/Editor/2023.1.9f1/Editor/Data/PlaybackEngines/WebGLSupport/UnityEditor.WebGL.Extensions.dll
Register platform support module: C:/Program Files/Unity/Hub/Editor/2023.1.9f1/Editor/Data/PlaybackEngines/WindowsStandaloneSupport/UnityEditor.WindowsStandalone.Extensions.dll
Register platform support module: C:/Program Files/Unity/Hub/Editor/2023.1.9f1/Editor/Data/PlaybackEngines/AndroidPlayer/UnityEditor.Android.Extensions.dll
Registered in 0.012843 seconds.
- Loaded All Assemblies, in  0.951 seconds
Native extension for Android target not found
Android Extension - Scanning For ADB Devices 954 ms
Native extension for WindowsStandalone target not found
Native extension for WebGL target not found
Mono: successfully reloaded assembly
- Finished resetting the current domain, in  1.546 seconds
Domain Reload Profiling: 2493ms
	BeginReloadAssembly (401ms)
		ExecutionOrderSort (0ms)
		DisableScriptedObjects (0ms)
		BackupInstance (0ms)
		ReleaseScriptingObjects (0ms)
		CreateAndSetChildDomain (2ms)
	RebuildCommonClasses (69ms)
	RebuildNativeTypeToScriptingClass (29ms)
	initialDomainReloadingComplete (119ms)
	LoadAllAssembliesAndSetupDomain (328ms)
		LoadAssemblies (397ms)
		RebuildTransferFunctionScriptingTraits (0ms)
		AnalyzeDomain (318ms)
			TypeCache.Refresh (316ms)
				TypeCache.ScanAssembly (298ms)
			ScanForSourceGeneratedMonoScriptInfo (1ms)
			ResolveRequiredComponents (1ms)
	FinalizeReload (1547ms)
		ReleaseScriptCaches (0ms)
		RebuildScriptCaches (0ms)
		SetupLoadedEditorAssemblies (1468ms)
			LogAssemblyErrors (0ms)
			InitializePlatformSupportModulesInManaged (1137ms)
			SetLoadedEditorAssemblies (6ms)
			BeforeProcessingInitializeOnLoad (13ms)
			ProcessInitializeOnLoadAttributes (230ms)
			ProcessInitializeOnLoadMethodAttributes (82ms)
			AfterProcessingInitializeOnLoad (0ms)
			EditorAssembliesLoaded (0ms)
		ExecutionOrderSort2 (0ms)
		AwakeInstancesAfterBackupRestoration (0ms)
========================================================================
Worker process is ready to serve import requests
Import Worker Mode flag is 0x00
Begin MonoManager ReloadAssembly
- Loaded All Assemblies, in  0.656 seconds
Refreshing native plugins compatible for Editor in 0.00 ms, found 0 plugins.
Native extension for Android target not found
Native extension for WindowsStandalone target not found
Native extension for WebGL target not found
Mono: successfully reloaded assembly
- Finished resetting the current domain, in  0.570 seconds
Domain Reload Profiling: 1225ms
	BeginReloadAssembly (386ms)
		ExecutionOrderSort (0ms)
		DisableScriptedObjects (9ms)
		BackupInstance (0ms)
		ReleaseScriptingObjects (0ms)
		CreateAndSetChildDomain (43ms)
	RebuildCommonClasses (57ms)
	RebuildNativeTypeToScriptingClass (13ms)
	initialDomainReloadingComplete (20ms)
	LoadAllAssembliesAndSetupDomain (177ms)
		LoadAssemblies (158ms)
		RebuildTransferFunctionScriptingTraits (0ms)
		AnalyzeDomain (171ms)
			TypeCache.Refresh (171ms)
				TypeCache.ScanAssembly (160ms)
			ScanForSourceGeneratedMonoScriptInfo (0ms)
			ResolveRequiredComponents (0ms)
	FinalizeReload (571ms)
		ReleaseScriptCaches (0ms)
		RebuildScriptCaches (0ms)
		SetupLoadedEditorAssemblies (348ms)
			LogAssemblyErrors (0ms)
			InitializePlatformSupportModulesInManaged (59ms)
			SetLoadedEditorAssemblies (3ms)
			BeforeProcessingInitializeOnLoad (49ms)
			ProcessInitializeOnLoadAttributes (201ms)
			ProcessInitializeOnLoadMethodAttributes (32ms)
			AfterProcessingInitializeOnLoad (4ms)
			EditorAssembliesLoaded (0ms)
		ExecutionOrderSort2 (0ms)
		AwakeInstancesAfterBackupRestoration (7ms)
Launched and connected shader compiler UnityShaderCompiler.exe after 0.02 seconds
Refreshing native plugins compatible for Editor in 0.00 ms, found 0 plugins.
Preloading 0 native plugins for Editor in 0.00 ms.
Unloading 7 Unused Serialized files (Serialized files now loaded: 0)
Unloading 3 unused Assets / (38.5 KB). Loaded Objects now: 559.
Memory consumption went from 55.2 MB to 55.2 MB.
Total: 6.688000 ms (FindLiveObjects: 0.077500 ms CreateObjectMapping: 0.005300 ms MarkObjects: 6.488600 ms  DeleteObjects: 0.113700 ms)

AssetImportParameters requested are different than current active one (requested -> active):
  custom:video-encoder-webm-vp8: eb34c28f22e8b96e1ab97ce403110664 -> 
  custom:video-decoder-webm-vp8: 9c59270c3fd7afecdb556c50c9e8de78 -> 
  custom:audio-decoder-ogg-vorbis: bf7c407c2cedff20999df2af8eb42d56 -> 
  custom:video-decoder-ogg-theora: a1e56fd34408186e4bbccfd4996cb3dc -> 
  custom:audio-encoder-webm-vorbis: bf7c407c2cedff20999df2af8eb42d56 -> 
  custom:container-demuxer-webm: 4f35f7cbe854078d1ac9338744f61a02 -> 
  custom:container-muxer-webm: aa71ff27fc2769a1b78a27578f13a17b -> 
  custom:video-codec-MediaFoundation-h265: 746d11721c4dcdbdad8f713fa42b33f4 -> 
  custom:container-demuxer-ogg: 62fdf1f143b41e24485cea50d1cbac27 -> 
  custom:AudioImporter_EditorPlatform: d09bf68614088b80899f8185d706f6e7 -> 
  custom:framework-win-MediaFoundation: 216162199b28c13a410421893ffa2e32 -> 
========================================================================
Received Import Request.
  Time since last request: 33203.266640 seconds.
  path: Assets/smoke.png
  artifactKey: Guid(1f64083c37d1fe640b2e3fe2869e1773) Importer(815301076,1909f56bfc062723c751e8b465ee728b)
Start importing Assets/smoke.png using Guid(1f64083c37d1fe640b2e3fe2869e1773) Importer(815301076,1909f56bfc062723c751e8b465ee728b)  -> (artifact id: '9d7ce1d5e829f2fb003df760643dd853') in 0.143913 seconds
Number of updated asset objects reloaded before import = 0
Number of asset objects unloaded after import = 3
========================================================================
Received Import Request.
  Time since last request: 0.000044 seconds.
  path: Assets/Smoke_Mat.mat
  artifactKey: Guid(de232b6cd0f96f2439922feabfd7d17b) Importer(815301076,1909f56bfc062723c751e8b465ee728b)
Start importing Assets/Smoke_Mat.mat using Guid(de232b6cd0f96f2439922feabfd7d17b) Importer(815301076,1909f56bfc062723c751e8b465ee728b)  -> (artifact id: '0a3173d5334e52a9a21c5b9ae6d33640') in 0.106756 seconds
Number of updated asset objects reloaded before import = 0
Number of asset objects unloaded after import = 2
========================================================================
Received Import Request.
  Time since last request: 0.000034 seconds.
  path: Assets/ButtonsAssets
  artifactKey: Guid(060d5d81ba67c59478acd1412618eca9) Importer(815301076,1909f56bfc062723c751e8b465ee728b)
Start importing Assets/ButtonsAssets using Guid(060d5d81ba67c59478acd1412618eca9) Importer(815301076,1909f56bfc062723c751e8b465ee728b)  -> (artifact id: 'e79d68b7277c2f7348ea0bd87d4f5a50') in 0.000523 seconds
Number of updated asset objects reloaded before import = 0
Number of asset objects unloaded after import = 0
========================================================================
Received Import Request.
  Time since last request: 0.000121 seconds.
  path: Assets/R1.png
  artifactKey: Guid(96b743e79b69f3e44ac500e393684544) Importer(815301076,1909f56bfc062723c751e8b465ee728b)
Start importing Assets/R1.png using Guid(96b743e79b69f3e44ac500e393684544) Importer(815301076,1909f56bfc062723c751e8b465ee728b)  -> (artifact id: 'd4ec70adbf4d2e6c4163801860104f38') in 0.020298 seconds
Number of updated asset objects reloaded before import = 0
Number of asset objects unloaded after import = 3
========================================================================
Received Import Request.
  Time since last request: 0.000021 seconds.
  path: Assets/ButtonsAssets/ContinueButton.png
  artifactKey: Guid(43b4a1eb0b80c844c91baf6c2e1c7791) Importer(815301076,1909f56bfc062723c751e8b465ee728b)
Start importing Assets/ButtonsAssets/ContinueButton.png using Guid(43b4a1eb0b80c844c91baf6c2e1c7791) Importer(815301076,1909f56bfc062723c751e8b465ee728b)  -> (artifact id: 'b6780ef46f649c35ae4e2876c23c86c9') in 0.019111 seconds
Number of updated asset objects reloaded before import = 0
Number of asset objects unloaded after import = 3
========================================================================
Received Import Request.
  Time since last request: 0.000013 seconds.
  path: Assets/arrow.png
  artifactKey: Guid(0f893152e6ba6c24ea9066616b52e814) Importer(815301076,1909f56bfc062723c751e8b465ee728b)
Start importing Assets/arrow.png using Guid(0f893152e6ba6c24ea9066616b52e814) Importer(815301076,1909f56bfc062723c751e8b465ee728b)  -> (artifact id: '3a2aeef04299cd9f731d5f43a0ee5552') in 0.016061 seconds
Number of updated asset objects reloaded before import = 0
Number of asset objects unloaded after import = 3
========================================================================
Received Import Request.
  Time since last request: 0.000019 seconds.
  path: Assets/LoadingBar.png
  artifactKey: Guid(b85f940a6308b1e479e911a41834dacc) Importer(815301076,1909f56bfc062723c751e8b465ee728b)
Start importing Assets/LoadingBar.png using Guid(b85f940a6308b1e479e911a41834dacc) Importer(815301076,1909f56bfc062723c751e8b465ee728b)  -> (artifact id: '11eb6eca07563a36ca957c30fe404485') in 0.017507 seconds
Number of updated asset objects reloaded before import = 0
Number of asset objects unloaded after import = 3
========================================================================
Received Import Request.
  Time since last request: 0.000022 seconds.
  path: Assets/ButtonsAssets/Pause.png
  artifactKey: Guid(a770aa37b900fdd4083fd21797a0a1f6) Importer(815301076,1909f56bfc062723c751e8b465ee728b)
Start importing Assets/ButtonsAssets/Pause.png using Guid(a770aa37b900fdd4083fd21797a0a1f6) Importer(815301076,1909f56bfc062723c751e8b465ee728b)  -> (artifact id: '0700ce6e811dcb02f8a0e287ea411945') in 0.016805 seconds
Number of updated asset objects reloaded before import = 0
Number of asset objects unloaded after import = 3
========================================================================
Received Import Request.
  Time since last request: 0.000023 seconds.
  path: Assets/para.png
  artifactKey: Guid(1efa9b5b4a2493947a605f91b68b9973) Importer(815301076,1909f56bfc062723c751e8b465ee728b)
Start importing Assets/para.png using Guid(1efa9b5b4a2493947a605f91b68b9973) Importer(815301076,1909f56bfc062723c751e8b465ee728b)  -> (artifact id: 'fa9b28d7a2046c2632485f5bbbbc3b61') in 0.014762 seconds
Number of updated asset objects reloaded before import = 0
Number of asset objects unloaded after import = 2
========================================================================
Received Import Request.
  Time since last request: 0.000037 seconds.
  path: Assets/classFires.png
  artifactKey: Guid(de90b276fd5ff0349be7f50f21e411fa) Importer(815301076,1909f56bfc062723c751e8b465ee728b)
Start importing Assets/classFires.png using Guid(de90b276fd5ff0349be7f50f21e411fa) Importer(815301076,1909f56bfc062723c751e8b465ee728b)  -> (artifact id: '91c44b948a391fa872f40370bf354ae4') in 0.018312 seconds
Number of updated asset objects reloaded before import = 0
Number of asset objects unloaded after import = 3
========================================================================
Received Import Request.
  Time since last request: 2.041619 seconds.
  path: Assets/MusicAssets/offbutton 1.png
  artifactKey: Guid(187c746a40458ac4ca1f166ea21b5674) Importer(815301076,1909f56bfc062723c751e8b465ee728b)
Start importing Assets/MusicAssets/offbutton 1.png using Guid(187c746a40458ac4ca1f166ea21b5674) Importer(815301076,1909f56bfc062723c751e8b465ee728b)  -> (artifact id: '771efa8211201e11b57c3165a6d50a46') in 0.035553 seconds
Number of updated asset objects reloaded before import = 0
Number of asset objects unloaded after import = 3
