Using pre-set license
Built from '2023.1/staging' branch; Version is '2023.1.9f1 (f3f94c8cdc49) revision 15989068'; Using compiler version '192829333'; Build Type 'Release'
OS: 'Windows 11  (10.0.22621) 64bit CoreSingleLanguage' Language: 'en' Physical Memory: 16253 MB
BatchMode: 1, IsHumanControllingUs: 0, StartBugReporterOnCrash: 0, Is64bit: 1, IsPro: 1

COMMAND LINE ARGUMENTS:
C:\Program Files\Unity\Hub\Editor\2023.1.9f1\Editor\Unity.exe
-adb2
-batchMode
-noUpm
-name
AssetImportWorker1
-projectPath
C:/Users/Emmanuel/Documents/FIRETECTION-77/Assets
-logFile
Logs/AssetImportWorker1.log
-srvPort
57215
Successfully changed project path to: C:/Users/Emmanuel/Documents/FIRETECTION-77/Assets
C:/Users/Emmanuel/Documents/FIRETECTION-77/Assets
[UnityMemory] Configuration Parameters - Can be set up in boot.config
    "memorysetup-bucket-allocator-granularity=16"
    "memorysetup-bucket-allocator-bucket-count=8"
    "memorysetup-bucket-allocator-block-size=33554432"
    "memorysetup-bucket-allocator-block-count=8"
    "memorysetup-main-allocator-block-size=16777216"
    "memorysetup-thread-allocator-block-size=16777216"
    "memorysetup-gfx-main-allocator-block-size=16777216"
    "memorysetup-gfx-thread-allocator-block-size=16777216"
    "memorysetup-cache-allocator-block-size=4194304"
    "memorysetup-typetree-allocator-block-size=2097152"
    "memorysetup-profiler-bucket-allocator-granularity=16"
    "memorysetup-profiler-bucket-allocator-bucket-count=8"
    "memorysetup-profiler-bucket-allocator-block-size=33554432"
    "memorysetup-profiler-bucket-allocator-block-count=8"
    "memorysetup-profiler-allocator-block-size=16777216"
    "memorysetup-profiler-editor-allocator-block-size=1048576"
    "memorysetup-temp-allocator-size-main=16777216"
    "memorysetup-job-temp-allocator-block-size=2097152"
    "memorysetup-job-temp-allocator-block-size-background=1048576"
    "memorysetup-job-temp-allocator-reduction-small-platforms=262144"
    "memorysetup-allocator-temp-initial-block-size-main=262144"
    "memorysetup-allocator-temp-initial-block-size-worker=262144"
    "memorysetup-temp-allocator-size-background-worker=32768"
    "memorysetup-temp-allocator-size-job-worker=262144"
    "memorysetup-temp-allocator-size-preload-manager=33554432"
    "memorysetup-temp-allocator-size-nav-mesh-worker=65536"
    "memorysetup-temp-allocator-size-audio-worker=65536"
    "memorysetup-temp-allocator-size-cloud-worker=32768"
    "memorysetup-temp-allocator-size-gi-baking-worker=262144"
    "memorysetup-temp-allocator-size-gfx=262144"
Player connection [19708] Host "[IP] 192.168.56.1 [Port] 0 [Flags] 2 [Guid] 606872081 [EditorId] 606872081 [Version] 1048832 [Id] WindowsEditor(7,LAPTOP-HRGNJGDU) [Debug] 1 [PackageName] WindowsEditor [ProjectName] Editor" joined multi-casting on [225.0.0.222:54997]...

Player connection [19708] Host "[IP] 192.168.56.1 [Port] 0 [Flags] 2 [Guid] 606872081 [EditorId] 606872081 [Version] 1048832 [Id] WindowsEditor(7,LAPTOP-HRGNJGDU) [Debug] 1 [PackageName] WindowsEditor [ProjectName] Editor" joined alternative multi-casting on [225.0.0.222:34997]...

[Physics::Module] Initialized MultithreadedJobDispatcher with 15 workers.
Library Redirect Path: Library/Refreshing native plugins compatible for Editor in 0.00 ms, found 0 plugins.
Preloading 0 native plugins for Editor in 0.00 ms.
Initialize engine version: 2023.1.9f1 (f3f94c8cdc49)
[Subsystems] Discovering subsystems at path C:/Program Files/Unity/Hub/Editor/2023.1.9f1/Editor/Data/Resources/UnitySubsystems
[Subsystems] Discovering subsystems at path C:/Users/Emmanuel/Documents/FIRETECTION-77/Assets/Assets
GfxDevice: creating device client; threaded=0; jobified=0
Direct3D:
    Version:  Direct3D 11.0 [level 11.1]
    Renderer: NVIDIA GeForce GTX 1650 (ID=0x1f99)
    Vendor:   NVIDIA
    VRAM:     3962 MB
    Driver:   30.0.14.7219
Initialize mono
Mono path[0] = 'C:/Program Files/Unity/Hub/Editor/2023.1.9f1/Editor/Data/Managed'
Mono path[1] = 'C:/Program Files/Unity/Hub/Editor/2023.1.9f1/Editor/Data/MonoBleedingEdge/lib/mono/unityjit-win32'
Mono config path = 'C:/Program Files/Unity/Hub/Editor/2023.1.9f1/Editor/Data/MonoBleedingEdge/etc'
Using monoOptions --debugger-agent=transport=dt_socket,embedding=1,server=y,suspend=n,address=127.0.0.1:56220
Begin MonoManager ReloadAssembly
Registering precompiled unity dll's ...
Register platform support module: C:/Program Files/Unity/Hub/Editor/2023.1.9f1/Editor/Data/PlaybackEngines/WebGLSupport/UnityEditor.WebGL.Extensions.dll
Register platform support module: C:/Program Files/Unity/Hub/Editor/2023.1.9f1/Editor/Data/PlaybackEngines/WindowsStandaloneSupport/UnityEditor.WindowsStandalone.Extensions.dll
Register platform support module: C:/Program Files/Unity/Hub/Editor/2023.1.9f1/Editor/Data/PlaybackEngines/AndroidPlayer/UnityEditor.Android.Extensions.dll
Registered in 0.010470 seconds.
- Loaded All Assemblies, in  0.943 seconds
Native extension for Android target not found
Android Extension - Scanning For ADB Devices 968 ms
Native extension for WindowsStandalone target not found
Native extension for WebGL target not found
Mono: successfully reloaded assembly
- Finished resetting the current domain, in  1.553 seconds
Domain Reload Profiling: 2492ms
	BeginReloadAssembly (388ms)
		ExecutionOrderSort (0ms)
		DisableScriptedObjects (0ms)
		BackupInstance (0ms)
		ReleaseScriptingObjects (0ms)
		CreateAndSetChildDomain (2ms)
	RebuildCommonClasses (73ms)
	RebuildNativeTypeToScriptingClass (29ms)
	initialDomainReloadingComplete (120ms)
	LoadAllAssembliesAndSetupDomain (328ms)
		LoadAssemblies (382ms)
		RebuildTransferFunctionScriptingTraits (0ms)
		AnalyzeDomain (318ms)
			TypeCache.Refresh (316ms)
				TypeCache.ScanAssembly (296ms)
			ScanForSourceGeneratedMonoScriptInfo (1ms)
			ResolveRequiredComponents (1ms)
	FinalizeReload (1554ms)
		ReleaseScriptCaches (0ms)
		RebuildScriptCaches (0ms)
		SetupLoadedEditorAssemblies (1478ms)
			LogAssemblyErrors (0ms)
			InitializePlatformSupportModulesInManaged (1157ms)
			SetLoadedEditorAssemblies (5ms)
			BeforeProcessingInitializeOnLoad (12ms)
			ProcessInitializeOnLoadAttributes (225ms)
			ProcessInitializeOnLoadMethodAttributes (79ms)
			AfterProcessingInitializeOnLoad (0ms)
			EditorAssembliesLoaded (0ms)
		ExecutionOrderSort2 (0ms)
		AwakeInstancesAfterBackupRestoration (0ms)
========================================================================
Worker process is ready to serve import requests
Import Worker Mode flag is 0x00
Begin MonoManager ReloadAssembly
- Loaded All Assemblies, in  0.716 seconds
Refreshing native plugins compatible for Editor in 0.00 ms, found 0 plugins.
Native extension for Android target not found
Native extension for WindowsStandalone target not found
Native extension for WebGL target not found
Mono: successfully reloaded assembly
- Finished resetting the current domain, in  0.608 seconds
Domain Reload Profiling: 1322ms
	BeginReloadAssembly (393ms)
		ExecutionOrderSort (0ms)
		DisableScriptedObjects (8ms)
		BackupInstance (0ms)
		ReleaseScriptingObjects (0ms)
		CreateAndSetChildDomain (45ms)
	RebuildCommonClasses (61ms)
	RebuildNativeTypeToScriptingClass (17ms)
	initialDomainReloadingComplete (26ms)
	LoadAllAssembliesAndSetupDomain (215ms)
		LoadAssemblies (154ms)
		RebuildTransferFunctionScriptingTraits (0ms)
		AnalyzeDomain (208ms)
			TypeCache.Refresh (207ms)
				TypeCache.ScanAssembly (192ms)
			ScanForSourceGeneratedMonoScriptInfo (0ms)
			ResolveRequiredComponents (0ms)
	FinalizeReload (609ms)
		ReleaseScriptCaches (0ms)
		RebuildScriptCaches (0ms)
		SetupLoadedEditorAssemblies (350ms)
			LogAssemblyErrors (0ms)
			InitializePlatformSupportModulesInManaged (64ms)
			SetLoadedEditorAssemblies (3ms)
			BeforeProcessingInitializeOnLoad (51ms)
			ProcessInitializeOnLoadAttributes (196ms)
			ProcessInitializeOnLoadMethodAttributes (31ms)
			AfterProcessingInitializeOnLoad (4ms)
			EditorAssembliesLoaded (0ms)
		ExecutionOrderSort2 (0ms)
		AwakeInstancesAfterBackupRestoration (8ms)
Launched and connected shader compiler UnityShaderCompiler.exe after 0.02 seconds
Refreshing native plugins compatible for Editor in 0.00 ms, found 0 plugins.
Preloading 0 native plugins for Editor in 0.00 ms.
Unloading 7 Unused Serialized files (Serialized files now loaded: 0)
Unloading 3 unused Assets / (38.5 KB). Loaded Objects now: 559.
Memory consumption went from 55.3 MB to 55.3 MB.
Total: 9.104200 ms (FindLiveObjects: 0.073100 ms CreateObjectMapping: 0.005900 ms MarkObjects: 8.899000 ms  DeleteObjects: 0.123700 ms)

AssetImportParameters requested are different than current active one (requested -> active):
  custom:video-encoder-webm-vp8: eb34c28f22e8b96e1ab97ce403110664 -> 
  custom:video-decoder-webm-vp8: 9c59270c3fd7afecdb556c50c9e8de78 -> 
  custom:audio-decoder-ogg-vorbis: bf7c407c2cedff20999df2af8eb42d56 -> 
  custom:video-decoder-ogg-theora: a1e56fd34408186e4bbccfd4996cb3dc -> 
  custom:audio-encoder-webm-vorbis: bf7c407c2cedff20999df2af8eb42d56 -> 
  custom:container-demuxer-webm: 4f35f7cbe854078d1ac9338744f61a02 -> 
  custom:container-muxer-webm: aa71ff27fc2769a1b78a27578f13a17b -> 
  custom:video-codec-MediaFoundation-h265: 746d11721c4dcdbdad8f713fa42b33f4 -> 
  custom:container-demuxer-ogg: 62fdf1f143b41e24485cea50d1cbac27 -> 
  custom:AudioImporter_EditorPlatform: d09bf68614088b80899f8185d706f6e7 -> 
  custom:framework-win-MediaFoundation: 216162199b28c13a410421893ffa2e32 -> 
========================================================================
Received Import Request.
  Time since last request: 33203.370665 seconds.
  path: Assets/K.png
  artifactKey: Guid(7ea9cf1407ba24c44b36add89c036029) Importer(815301076,1909f56bfc062723c751e8b465ee728b)
Start importing Assets/K.png using Guid(7ea9cf1407ba24c44b36add89c036029) Importer(815301076,1909f56bfc062723c751e8b465ee728b)  -> (artifact id: '6b9685b5c3d68de95ebfd581fc4fe2e3') in 0.126444 seconds
Number of updated asset objects reloaded before import = 0
Number of asset objects unloaded after import = 3
========================================================================
Received Import Request.
  Time since last request: 0.000024 seconds.
  path: Assets/RoundedWhiteButton.png
  artifactKey: Guid(5d44613ba032f62409890ced061ca0f0) Importer(815301076,1909f56bfc062723c751e8b465ee728b)
Start importing Assets/RoundedWhiteButton.png using Guid(5d44613ba032f62409890ced061ca0f0) Importer(815301076,1909f56bfc062723c751e8b465ee728b)  -> (artifact id: 'b9f91d4bba0d88ff57ee2c3dd156b5cb') in 0.019973 seconds
Number of updated asset objects reloaded before import = 0
Number of asset objects unloaded after import = 3
========================================================================
Received Import Request.
  Time since last request: 0.000022 seconds.
  path: Assets/B.png
  artifactKey: Guid(b1b2e620fc66e3446b1439401bfc65d9) Importer(815301076,1909f56bfc062723c751e8b465ee728b)
Start importing Assets/B.png using Guid(b1b2e620fc66e3446b1439401bfc65d9) Importer(815301076,1909f56bfc062723c751e8b465ee728b)  -> (artifact id: 'eb42d9f23f757c94b3032f29ab825e08') in 0.019025 seconds
Number of updated asset objects reloaded before import = 0
Number of asset objects unloaded after import = 3
========================================================================
Received Import Request.
  Time since last request: 0.000024 seconds.
  path: Assets/tipslogo.png
  artifactKey: Guid(8ebeb1fdf32cd8746ae0236d8b54241b) Importer(815301076,1909f56bfc062723c751e8b465ee728b)
Start importing Assets/tipslogo.png using Guid(8ebeb1fdf32cd8746ae0236d8b54241b) Importer(815301076,1909f56bfc062723c751e8b465ee728b)  -> (artifact id: '36dc237d8a6455e413fde9c1b5f8cfe2') in 0.022094 seconds
Number of updated asset objects reloaded before import = 0
Number of asset objects unloaded after import = 3
========================================================================
Received Import Request.
  Time since last request: 0.000019 seconds.
  path: Assets/ButtonsAssets/PauseButton.png
  artifactKey: Guid(51ea9589ac2872b45adaf8715992c261) Importer(815301076,1909f56bfc062723c751e8b465ee728b)
Start importing Assets/ButtonsAssets/PauseButton.png using Guid(51ea9589ac2872b45adaf8715992c261) Importer(815301076,1909f56bfc062723c751e8b465ee728b)  -> (artifact id: '126a82d511a073573f0a5e6098891c46') in 0.015910 seconds
Number of updated asset objects reloaded before import = 0
Number of asset objects unloaded after import = 3
========================================================================
Received Import Request.
  Time since last request: 0.000032 seconds.
  path: Assets/FireAEffectEx.png
  artifactKey: Guid(422fd8cc2b3115a458894fa33f580a5b) Importer(815301076,1909f56bfc062723c751e8b465ee728b)
Start importing Assets/FireAEffectEx.png using Guid(422fd8cc2b3115a458894fa33f580a5b) Importer(815301076,1909f56bfc062723c751e8b465ee728b)  -> (artifact id: '44bd2e5dc551e41b9113c567d4ecb068') in 0.016440 seconds
Number of updated asset objects reloaded before import = 0
Number of asset objects unloaded after import = 3
========================================================================
Received Import Request.
  Time since last request: 0.000036 seconds.
  path: Assets/R2.png
  artifactKey: Guid(0ef5f4d371ea8984cace62f58d4a3457) Importer(815301076,1909f56bfc062723c751e8b465ee728b)
Start importing Assets/R2.png using Guid(0ef5f4d371ea8984cace62f58d4a3457) Importer(815301076,1909f56bfc062723c751e8b465ee728b)  -> (artifact id: '8b5689a0b15d334758e10d71e1b7cc6d') in 0.018863 seconds
Number of updated asset objects reloaded before import = 0
Number of asset objects unloaded after import = 3
========================================================================
Received Import Request.
  Time since last request: 0.000039 seconds.
  path: Assets/pre.png
  artifactKey: Guid(30c822aaee103114cb3e2703f211ea7d) Importer(815301076,1909f56bfc062723c751e8b465ee728b)
Start importing Assets/pre.png using Guid(30c822aaee103114cb3e2703f211ea7d) Importer(815301076,1909f56bfc062723c751e8b465ee728b)  -> (artifact id: '7e8d14c63190f839245e79e8ee01d0c2') in 0.018524 seconds
Number of updated asset objects reloaded before import = 0
Number of asset objects unloaded after import = 3
========================================================================
Received Import Request.
  Time since last request: 2.054400 seconds.
  path: Assets/MusicAssets/offbutton.png
  artifactKey: Guid(2b82d207f6283a24b83ae3ea648928cb) Importer(815301076,1909f56bfc062723c751e8b465ee728b)
Start importing Assets/MusicAssets/offbutton.png using Guid(2b82d207f6283a24b83ae3ea648928cb) Importer(815301076,1909f56bfc062723c751e8b465ee728b)  -> (artifact id: '797a0d4cb85ed6af7d5fd75eece5ae18') in 0.038015 seconds
Number of updated asset objects reloaded before import = 0
Number of asset objects unloaded after import = 3
========================================================================
Received Import Request.
  Time since last request: 2.868556 seconds.
  path: Assets/QuizGame/xbutton.png
  artifactKey: Guid(2e791a35d5ea56b428b7f2036d2fbbeb) Importer(815301076,1909f56bfc062723c751e8b465ee728b)
Start importing Assets/QuizGame/xbutton.png using Guid(2e791a35d5ea56b428b7f2036d2fbbeb) Importer(815301076,1909f56bfc062723c751e8b465ee728b)  -> (artifact id: '14a83c0a06edbca39b73f9470573fb47') in 0.026392 seconds
Number of updated asset objects reloaded before import = 0
Number of asset objects unloaded after import = 3
