Using pre-set license
Built from '2023.1/staging' branch; Version is '2023.1.9f1 (f3f94c8cdc49) revision 15989068'; Using compiler version '192829333'; Build Type 'Release'
OS: 'Windows 11  (10.0.22621) 64bit CoreSingleLanguage' Language: 'en' Physical Memory: 16253 MB
BatchMode: 1, IsHumanControllingUs: 0, StartBugReporterOnCrash: 0, Is64bit: 1, IsPro: 1

COMMAND LINE ARGUMENTS:
C:\Program Files\Unity\Hub\Editor\2023.1.9f1\Editor\Unity.exe
-adb2
-batchMode
-noUpm
-name
AssetImportWorker0
-projectPath
C:/Users/Emmanuel/Documents/FIRETECTION-77/Assets
-logFile
Logs/AssetImportWorker0.log
-srvPort
57215
Successfully changed project path to: C:/Users/Emmanuel/Documents/FIRETECTION-77/Assets
C:/Users/Emmanuel/Documents/FIRETECTION-77/Assets
[UnityMemory] Configuration Parameters - Can be set up in boot.config
    "memorysetup-bucket-allocator-granularity=16"
    "memorysetup-bucket-allocator-bucket-count=8"
    "memorysetup-bucket-allocator-block-size=33554432"
    "memorysetup-bucket-allocator-block-count=8"
    "memorysetup-main-allocator-block-size=16777216"
    "memorysetup-thread-allocator-block-size=16777216"
    "memorysetup-gfx-main-allocator-block-size=16777216"
    "memorysetup-gfx-thread-allocator-block-size=16777216"
    "memorysetup-cache-allocator-block-size=4194304"
    "memorysetup-typetree-allocator-block-size=2097152"
    "memorysetup-profiler-bucket-allocator-granularity=16"
    "memorysetup-profiler-bucket-allocator-bucket-count=8"
    "memorysetup-profiler-bucket-allocator-block-size=33554432"
    "memorysetup-profiler-bucket-allocator-block-count=8"
    "memorysetup-profiler-allocator-block-size=16777216"
    "memorysetup-profiler-editor-allocator-block-size=1048576"
    "memorysetup-temp-allocator-size-main=16777216"
    "memorysetup-job-temp-allocator-block-size=2097152"
    "memorysetup-job-temp-allocator-block-size-background=1048576"
    "memorysetup-job-temp-allocator-reduction-small-platforms=262144"
    "memorysetup-allocator-temp-initial-block-size-main=262144"
    "memorysetup-allocator-temp-initial-block-size-worker=262144"
    "memorysetup-temp-allocator-size-background-worker=32768"
    "memorysetup-temp-allocator-size-job-worker=262144"
    "memorysetup-temp-allocator-size-preload-manager=33554432"
    "memorysetup-temp-allocator-size-nav-mesh-worker=65536"
    "memorysetup-temp-allocator-size-audio-worker=65536"
    "memorysetup-temp-allocator-size-cloud-worker=32768"
    "memorysetup-temp-allocator-size-gi-baking-worker=262144"
    "memorysetup-temp-allocator-size-gfx=262144"
Player connection [18096] Host "[IP] 192.168.56.1 [Port] 0 [Flags] 2 [Guid] 749208081 [EditorId] 749208081 [Version] 1048832 [Id] WindowsEditor(7,LAPTOP-HRGNJGDU) [Debug] 1 [PackageName] WindowsEditor [ProjectName] Editor" joined multi-casting on [225.0.0.222:54997]...

Player connection [18096] Host "[IP] 192.168.56.1 [Port] 0 [Flags] 2 [Guid] 749208081 [EditorId] 749208081 [Version] 1048832 [Id] WindowsEditor(7,LAPTOP-HRGNJGDU) [Debug] 1 [PackageName] WindowsEditor [ProjectName] Editor" joined alternative multi-casting on [225.0.0.222:34997]...

[Physics::Module] Initialized MultithreadedJobDispatcher with 15 workers.
Library Redirect Path: Library/Refreshing native plugins compatible for Editor in 0.00 ms, found 0 plugins.
Preloading 0 native plugins for Editor in 0.00 ms.
Initialize engine version: 2023.1.9f1 (f3f94c8cdc49)
[Subsystems] Discovering subsystems at path C:/Program Files/Unity/Hub/Editor/2023.1.9f1/Editor/Data/Resources/UnitySubsystems
[Subsystems] Discovering subsystems at path C:/Users/Emmanuel/Documents/FIRETECTION-77/Assets/Assets
GfxDevice: creating device client; threaded=0; jobified=0
Direct3D:
    Version:  Direct3D 11.0 [level 11.1]
    Renderer: NVIDIA GeForce GTX 1650 (ID=0x1f99)
    Vendor:   NVIDIA
    VRAM:     3962 MB
    Driver:   30.0.14.7219
Initialize mono
Mono path[0] = 'C:/Program Files/Unity/Hub/Editor/2023.1.9f1/Editor/Data/Managed'
Mono path[1] = 'C:/Program Files/Unity/Hub/Editor/2023.1.9f1/Editor/Data/MonoBleedingEdge/lib/mono/unityjit-win32'
Mono config path = 'C:/Program Files/Unity/Hub/Editor/2023.1.9f1/Editor/Data/MonoBleedingEdge/etc'
Using monoOptions --debugger-agent=transport=dt_socket,embedding=1,server=y,suspend=n,address=127.0.0.1:56180
Begin MonoManager ReloadAssembly
Registering precompiled unity dll's ...
Register platform support module: C:/Program Files/Unity/Hub/Editor/2023.1.9f1/Editor/Data/PlaybackEngines/WebGLSupport/UnityEditor.WebGL.Extensions.dll
Register platform support module: C:/Program Files/Unity/Hub/Editor/2023.1.9f1/Editor/Data/PlaybackEngines/WindowsStandaloneSupport/UnityEditor.WindowsStandalone.Extensions.dll
Register platform support module: C:/Program Files/Unity/Hub/Editor/2023.1.9f1/Editor/Data/PlaybackEngines/AndroidPlayer/UnityEditor.Android.Extensions.dll
Registered in 0.012340 seconds.
- Loaded All Assemblies, in  0.956 seconds
Native extension for Android target not found
Android Extension - Scanning For ADB Devices 975 ms
Native extension for WindowsStandalone target not found
Native extension for WebGL target not found
Mono: successfully reloaded assembly
- Finished resetting the current domain, in  1.550 seconds
Domain Reload Profiling: 2502ms
	BeginReloadAssembly (381ms)
		ExecutionOrderSort (0ms)
		DisableScriptedObjects (0ms)
		BackupInstance (0ms)
		ReleaseScriptingObjects (0ms)
		CreateAndSetChildDomain (2ms)
	RebuildCommonClasses (77ms)
	RebuildNativeTypeToScriptingClass (30ms)
	initialDomainReloadingComplete (121ms)
	LoadAllAssembliesAndSetupDomain (342ms)
		LoadAssemblies (375ms)
		RebuildTransferFunctionScriptingTraits (0ms)
		AnalyzeDomain (331ms)
			TypeCache.Refresh (329ms)
				TypeCache.ScanAssembly (306ms)
			ScanForSourceGeneratedMonoScriptInfo (1ms)
			ResolveRequiredComponents (1ms)
	FinalizeReload (1551ms)
		ReleaseScriptCaches (0ms)
		RebuildScriptCaches (0ms)
		SetupLoadedEditorAssemblies (1459ms)
			LogAssemblyErrors (0ms)
			InitializePlatformSupportModulesInManaged (1146ms)
			SetLoadedEditorAssemblies (5ms)
			BeforeProcessingInitializeOnLoad (10ms)
			ProcessInitializeOnLoadAttributes (223ms)
			ProcessInitializeOnLoadMethodAttributes (76ms)
			AfterProcessingInitializeOnLoad (0ms)
			EditorAssembliesLoaded (0ms)
		ExecutionOrderSort2 (0ms)
		AwakeInstancesAfterBackupRestoration (0ms)
========================================================================
Worker process is ready to serve import requests
Import Worker Mode flag is 0x00
Begin MonoManager ReloadAssembly
- Loaded All Assemblies, in  0.662 seconds
Refreshing native plugins compatible for Editor in 0.00 ms, found 0 plugins.
Native extension for Android target not found
Native extension for WindowsStandalone target not found
Native extension for WebGL target not found
Mono: successfully reloaded assembly
- Finished resetting the current domain, in  0.585 seconds
Domain Reload Profiling: 1246ms
	BeginReloadAssembly (393ms)
		ExecutionOrderSort (0ms)
		DisableScriptedObjects (6ms)
		BackupInstance (0ms)
		ReleaseScriptingObjects (0ms)
		CreateAndSetChildDomain (42ms)
	RebuildCommonClasses (54ms)
	RebuildNativeTypeToScriptingClass (12ms)
	initialDomainReloadingComplete (20ms)
	LoadAllAssembliesAndSetupDomain (182ms)
		LoadAssemblies (163ms)
		RebuildTransferFunctionScriptingTraits (0ms)
		AnalyzeDomain (176ms)
			TypeCache.Refresh (175ms)
				TypeCache.ScanAssembly (164ms)
			ScanForSourceGeneratedMonoScriptInfo (0ms)
			ResolveRequiredComponents (0ms)
	FinalizeReload (586ms)
		ReleaseScriptCaches (0ms)
		RebuildScriptCaches (0ms)
		SetupLoadedEditorAssemblies (351ms)
			LogAssemblyErrors (0ms)
			InitializePlatformSupportModulesInManaged (57ms)
			SetLoadedEditorAssemblies (4ms)
			BeforeProcessingInitializeOnLoad (50ms)
			ProcessInitializeOnLoadAttributes (207ms)
			ProcessInitializeOnLoadMethodAttributes (29ms)
			AfterProcessingInitializeOnLoad (5ms)
			EditorAssembliesLoaded (0ms)
		ExecutionOrderSort2 (0ms)
		AwakeInstancesAfterBackupRestoration (10ms)
Launched and connected shader compiler UnityShaderCompiler.exe after 0.03 seconds
Refreshing native plugins compatible for Editor in 0.00 ms, found 0 plugins.
Preloading 0 native plugins for Editor in 0.00 ms.
Unloading 7 Unused Serialized files (Serialized files now loaded: 0)
Unloading 3 unused Assets / (38.5 KB). Loaded Objects now: 559.
Memory consumption went from 55.3 MB to 55.2 MB.
Total: 7.047600 ms (FindLiveObjects: 0.078700 ms CreateObjectMapping: 0.006000 ms MarkObjects: 6.856800 ms  DeleteObjects: 0.103200 ms)

AssetImportParameters requested are different than current active one (requested -> active):
  custom:video-encoder-webm-vp8: eb34c28f22e8b96e1ab97ce403110664 -> 
  custom:video-decoder-webm-vp8: 9c59270c3fd7afecdb556c50c9e8de78 -> 
  custom:audio-decoder-ogg-vorbis: bf7c407c2cedff20999df2af8eb42d56 -> 
  custom:video-decoder-ogg-theora: a1e56fd34408186e4bbccfd4996cb3dc -> 
  custom:audio-encoder-webm-vorbis: bf7c407c2cedff20999df2af8eb42d56 -> 
  custom:container-demuxer-webm: 4f35f7cbe854078d1ac9338744f61a02 -> 
  custom:container-muxer-webm: aa71ff27fc2769a1b78a27578f13a17b -> 
  custom:video-codec-MediaFoundation-h265: 746d11721c4dcdbdad8f713fa42b33f4 -> 
  custom:container-demuxer-ogg: 62fdf1f143b41e24485cea50d1cbac27 -> 
  custom:AudioImporter_EditorPlatform: d09bf68614088b80899f8185d706f6e7 -> 
  custom:framework-win-MediaFoundation: 216162199b28c13a410421893ffa2e32 -> 
========================================================================
Received Import Request.
  Time since last request: 33203.316653 seconds.
  path: Assets/Before.png
  artifactKey: Guid(78e427e2afee8834a924336cf631af67) Importer(815301076,1909f56bfc062723c751e8b465ee728b)
Start importing Assets/Before.png using Guid(78e427e2afee8834a924336cf631af67) Importer(815301076,1909f56bfc062723c751e8b465ee728b)  -> (artifact id: '1e6257be4d95b6e0a3670876929d93d2') in 0.152581 seconds
Number of updated asset objects reloaded before import = 0
Number of asset objects unloaded after import = 4
========================================================================
Received Import Request.
  Time since last request: 0.000037 seconds.
  path: Assets/ButtonsAssets/RestartButton.png
  artifactKey: Guid(952ff23d3197b694c994520c11ad6816) Importer(815301076,1909f56bfc062723c751e8b465ee728b)
Start importing Assets/ButtonsAssets/RestartButton.png using Guid(952ff23d3197b694c994520c11ad6816) Importer(815301076,1909f56bfc062723c751e8b465ee728b)  -> (artifact id: 'a0ea3523910863c244f49c65bb0b589c') in 0.025644 seconds
Number of updated asset objects reloaded before import = 0
Number of asset objects unloaded after import = 3
========================================================================
Received Import Request.
  Time since last request: 0.000426 seconds.
  path: Assets/ButtonsAssets/HomeButton.png
  artifactKey: Guid(c04b4ae33c7fd4b468617c30d140a143) Importer(815301076,1909f56bfc062723c751e8b465ee728b)
Start importing Assets/ButtonsAssets/HomeButton.png using Guid(c04b4ae33c7fd4b468617c30d140a143) Importer(815301076,1909f56bfc062723c751e8b465ee728b)  -> (artifact id: '26c03e348651deeaec55ea3e13ac8fd7') in 0.021899 seconds
Number of updated asset objects reloaded before import = 0
Number of asset objects unloaded after import = 3
========================================================================
Received Import Request.
  Time since last request: 0.000023 seconds.
  path: Assets/FireCEffectEx.png
  artifactKey: Guid(01557ea756d69a245b27c2cc8f45bf4a) Importer(815301076,1909f56bfc062723c751e8b465ee728b)
Start importing Assets/FireCEffectEx.png using Guid(01557ea756d69a245b27c2cc8f45bf4a) Importer(815301076,1909f56bfc062723c751e8b465ee728b)  -> (artifact id: 'e99a0c12709f11d7fdaafa16847b2c33') in 0.019031 seconds
Number of updated asset objects reloaded before import = 0
Number of asset objects unloaded after import = 3
========================================================================
Received Import Request.
  Time since last request: 0.000040 seconds.
  path: Assets/ButtonsAssets/info.png
  artifactKey: Guid(16b88b330727afe4ab83ceeb6d28d6ef) Importer(815301076,1909f56bfc062723c751e8b465ee728b)
Start importing Assets/ButtonsAssets/info.png using Guid(16b88b330727afe4ab83ceeb6d28d6ef) Importer(815301076,1909f56bfc062723c751e8b465ee728b)  -> (artifact id: '2b13db7f0389025811c377413405aa30') in 0.017628 seconds
Number of updated asset objects reloaded before import = 0
Number of asset objects unloaded after import = 3
========================================================================
Received Import Request.
  Time since last request: 0.000021 seconds.
  path: Assets/ON.png
  artifactKey: Guid(56a5c1abdd30e094fbc9002526d6e931) Importer(815301076,1909f56bfc062723c751e8b465ee728b)
Start importing Assets/ON.png using Guid(56a5c1abdd30e094fbc9002526d6e931) Importer(815301076,1909f56bfc062723c751e8b465ee728b)  -> (artifact id: '412eef3a6e00971bf6aadca17b9eddfa') in 0.019602 seconds
Number of updated asset objects reloaded before import = 0
Number of asset objects unloaded after import = 3
========================================================================
Received Import Request.
  Time since last request: 0.000023 seconds.
  path: Assets/ButtonsAssets/HintButton.png
  artifactKey: Guid(b0af6f297b20c9e4b89b3aac751c61c3) Importer(815301076,1909f56bfc062723c751e8b465ee728b)
Start importing Assets/ButtonsAssets/HintButton.png using Guid(b0af6f297b20c9e4b89b3aac751c61c3) Importer(815301076,1909f56bfc062723c751e8b465ee728b)  -> (artifact id: 'f1f4e6759255065b934e665127c34c50') in 0.016490 seconds
Number of updated asset objects reloaded before import = 0
Number of asset objects unloaded after import = 3
========================================================================
Received Import Request.
  Time since last request: 0.000015 seconds.
  path: Assets/ButtonsAssets/NextLevel.png
  artifactKey: Guid(2527f0ef7dbbf3e4e9bbffad0e5c5ff1) Importer(815301076,1909f56bfc062723c751e8b465ee728b)
Start importing Assets/ButtonsAssets/NextLevel.png using Guid(2527f0ef7dbbf3e4e9bbffad0e5c5ff1) Importer(815301076,1909f56bfc062723c751e8b465ee728b)  -> (artifact id: '7fae274d3086ce1953f342ccf5c864a5') in 0.019156 seconds
Number of updated asset objects reloaded before import = 0
Number of asset objects unloaded after import = 3
========================================================================
Received Import Request.
  Time since last request: 0.000027 seconds.
  path: Assets/FireStation.png
  artifactKey: Guid(17d5696dcc434e64cb577df87455335f) Importer(815301076,1909f56bfc062723c751e8b465ee728b)
Start importing Assets/FireStation.png using Guid(17d5696dcc434e64cb577df87455335f) Importer(815301076,1909f56bfc062723c751e8b465ee728b)  -> (artifact id: 'f303d471c0767f1189277012c9e79043') in 0.018032 seconds
Number of updated asset objects reloaded before import = 0
Number of asset objects unloaded after import = 3
========================================================================
Received Import Request.
  Time since last request: 0.000025 seconds.
  path: Assets/FireBEffectEx.png
  artifactKey: Guid(4d247fe21fab6fa4e8f67b2a4693b386) Importer(815301076,1909f56bfc062723c751e8b465ee728b)
Start importing Assets/FireBEffectEx.png using Guid(4d247fe21fab6fa4e8f67b2a4693b386) Importer(815301076,1909f56bfc062723c751e8b465ee728b)  -> (artifact id: '268dbfdbc61f5f3c8e56bc665cba4091') in 0.016015 seconds
Number of updated asset objects reloaded before import = 0
Number of asset objects unloaded after import = 3
========================================================================
Received Import Request.
  Time since last request: 2.036796 seconds.
  path: Assets/MusicAssets/musicoff.png
  artifactKey: Guid(9d1e57f05c740af42ad5f7b591e6bec6) Importer(815301076,1909f56bfc062723c751e8b465ee728b)
Start importing Assets/MusicAssets/musicoff.png using Guid(9d1e57f05c740af42ad5f7b591e6bec6) Importer(815301076,1909f56bfc062723c751e8b465ee728b)  -> (artifact id: 'bae288214403be5fe9b8c2d45cc60abd') in 0.037175 seconds
Number of updated asset objects reloaded before import = 0
Number of asset objects unloaded after import = 3
========================================================================
Received Import Request.
  Time since last request: 2.868645 seconds.
  path: Assets/QuizGame/Trophy.png
  artifactKey: Guid(fa954b5fe16166e46bc57c800e86e8e5) Importer(815301076,1909f56bfc062723c751e8b465ee728b)
Start importing Assets/QuizGame/Trophy.png using Guid(fa954b5fe16166e46bc57c800e86e8e5) Importer(815301076,1909f56bfc062723c751e8b465ee728b)  -> (artifact id: '2401afd270a49ad7fe238288569f6546') in 0.024736 seconds
Number of updated asset objects reloaded before import = 0
Number of asset objects unloaded after import = 3
